PS D:\My Work> & C:/Users/ritik/AppData/Local/Programs/Python/Python311/python.exe "d:/My Work/Boat 
scrapper/test.py"
Message(id=3432175, peer_id=PeerChannel(channel_id=1411626356), date=datetime.datetime(2023, 4, 12, 
17, 52, 13, tzinfo=datetime.timezone.utc), message='3 din se ye hi lag raha tha lakin aya nahi', out=False, mentioned=False, media_unread=False, silent=False, post=False, from_scheduled=False, legacy=False, edit_hide=False, pinned=False, noforwards=False, from_id=PeerUser(user_id=934705358), fwd_from=None, via_bot_id=None, reply_to=MessageReplyHeader(reply_to_msg_id=3432168, reply_to_scheduled=False, forum_topic=False, reply_to_peer_id=None, reply_to_top_id=None), media=None, reply_markup=None, 
entities=[], views=None, forwards=None, replies=None, edit_date=None, post_author=None, grouped_id=None, reactions=None, restriction_reason=[], ttl_period=None)
3 din se ye hi lag raha tha lakin aya nahi    

----------------------------------------------

Message(id=3432174, peer_id=PeerChannel(channel_id=1411626356), date=datetime.datetime(2023, 4, 12, 
17, 52, 12, tzinfo=datetime.timezone.utc), message='Yaha Lag gyi najar😭😭', out=False, mentioned=False, media_unread=False, silent=False, post=False, from_scheduled=False, legacy=False, edit_hide=False, pinned=False, noforwards=False, from_id=PeerUser(user_id=5106240967), fwd_from=None, via_bot_id=None, reply_to=MessageReplyHeader(reply_to_msg_id=3432145, reply_to_scheduled=False, forum_topic=False, reply_to_peer_id=None, reply_to_top_id=3432143), media=None, reply_markup=None, entities=[MessageEntityBold(offset=0, length=4), MessageEntityBold(offset=5, length=13)], views=None, forwards=None, replies=None, edit_date=None, post_author=None, grouped_id=None, reactions=None, restriction_reason=[], ttl_period=None)
Yaha Lag gyi najar😭😭

----------------------------------------------

Message(id=3432173, peer_id=PeerChannel(channel_id=1411626356), date=datetime.datetime(2023, 4, 12, 
17, 52, 5, tzinfo=datetime.timezone.utc), message='Win ho gyi', out=False, mentioned=False, media_unread=False, silent=False, post=False, from_scheduled=False, legacy=False, edit_hide=False, pinned=False, noforwards=False, from_id=PeerUser(user_id=774364651), fwd_from=None, via_bot_id=None, reply_to=None, media=None, reply_markup=None, entities=[], views=None, forwards=None, replies=MessageReplies(replies=0, replies_pts=6491916, comments=False, recent_repliers=[], channel_id=None, max_id=None, read_max_id=None), edit_date=None, post_author=None, grouped_id=None, reactions=None, restriction_reason=[], ttl_period=None)
Win ho gyi

----------------------------------------------

Message(id=3432172, peer_id=PeerChannel(channel_id=1411626356), date=datetime.datetime(2023, 4, 12, 
17, 51, 55, tzinfo=datetime.timezone.utc), message='+1 😍', out=False, mentioned=False, media_unread=False, silent=False, post=False, from_scheduled=False, legacy=False, edit_hide=False, pinned=False, noforwards=False, from_id=PeerUser(user_id=1245041419), fwd_from=None, via_bot_id=None, reply_to=MessageReplyHeader(reply_to_msg_id=3432168, reply_to_scheduled=False, forum_topic=False, reply_to_peerne, replies=None, edit_date=None, post_author=None, grouped_id=None, reactions=None, restriction_reason=[], ttl_period=None)
+1 😍

----------------------------------------------

MessageService(id=7756, peer_id=PeerChannel(channel_id=1238428961), date=datetime.datetime(2023, 4, 
12, 17, 42, 58, tzinfo=datetime.timezone.utc), action=MessageActionPinMessage(), out=False, mentioned=False, media_unread=False, silent=False, post=True, legacy=False, from_id=None, reply_to=MessageReplyHeader(reply_to_msg_id=7677, reply_to_scheduled=False, forum_topic=False, reply_to_peer_id=None, 
reply_to_top_id=None), ttl_period=None)
Traceback (most recent call last):
  File "d:\My Work\Boat scrapper\test.py", line 53, in <module>
    time.sleep(5)
KeyboardInterrupt
PS D:\My Work> ^C
PS D:\My Work> & C:/Users/ritik/AppData/Local/Programs/Python/Python311/python.exe "d:/My Work/Boat 
scrapper/test.py"
Message(id=3432198, peer_id=PeerChannel(channel_id=1411626356), date=datetime.datetime(2023, 4, 12, 
17, 53, 40, tzinfo=datetime.timezone.utc), message='Csk choose Kiya tha', out=False, mentioned=False, media_unread=False, silent=False, post=False, from_scheduled=False, legacy=False, edit_hide=False, pinned=False, noforwards=False, from_id=PeerUser(user_id=1876125858), fwd_from=None, via_bot_id=None, reply_to=None, media=None, reply_markup=None, entities=[], views=None, forwards=None, replies=MessageReplies(replies=0, replies_pts=6491943, comments=False, recent_repliers=[], channel_id=None, max_id=None, read_max_id=None), edit_date=None, post_author=None, grouped_id=None, reactions=None, restriction_reason=[], ttl_period=None)
Csk choose Kiya tha

----------------------------------------------

Message(id=3432197, peer_id=PeerChannel(channel_id=1411626356), date=datetime.datetime(2023, 4, 12, 
17, 53, 13, tzinfo=datetime.timezone.utc), message='RR🔥🥳', out=False, mentioned=False, media_unrea 
d=False, silent=False, post=False, from_scheduled=False, legacy=False, edit_hide=False, pinned=False, noforwards=False, from_id=PeerUser(user_id=5743787646), fwd_from=None, via_bot_id=None, reply_to=None, media=None, reply_markup=None, entities=[], views=None, forwards=None, replies=MessageReplies(replies=0, replies_pts=6491942, comments=False, recent_repliers=[], channel_id=None, max_id=None, read_max_id=None), edit_date=None, post_author=None, grouped_id=None, reactions=None, restriction_reason=[], ttl_period=None)
RR🔥🥳

----------------------------------------------

Message(id=3432196, peer_id=PeerChannel(channel_id=1411626356), date=datetime.datetime(2023, 4, 12, 
17, 53, 13, tzinfo=datetime.timezone.utc), message='Acha', out=False, mentioned=False, media_unread=False, silent=False, post=False, from_scheduled=False, legacy=False, edit_hide=False, pinned=False, 
noforwards=False, from_id=PeerUser(user_id=1661902662), fwd_from=None, via_bot_id=None, reply_to=MessageReplyHeader(reply_to_msg_id=3432032, reply_to_scheduled=False, forum_topic=False, reply_to_peer_id=None, reply_to_top_id=3432010), media=None, reply_markup=None, entities=[], views=None, forwards=None, replies=None, edit_date=None, post_author=None, grouped_id=None, reactions=None, restriction_reason=[], ttl_period=None)
Acha

----------------------------------------------

Message(id=3432195, peer_id=PeerChannel(channel_id=1411626356), date=datetime.datetime(2023, 4, 12, 
17, 53, 13, tzinfo=datetime.timezone.utc), message='Csk choose kiya tha😢', out=False, mentioned=False, media_unread=False, silent=False, post=False, from_scheduled=False, legacy=False, edit_hide=False, pinned=False, noforwards=False, from_id=PeerUser(user_id=2118951311), fwd_from=None, via_bot_id=None, reply_to=None, media=None, reply_markup=None, entities=[], views=None, forwards=None, replies=MessageReplies(replies=0, replies_pts=6491940, comments=False, recent_repliers=[], channel_id=None, max_id=None, read_max_id=None), edit_date=None, post_author=None, grouped_id=None, reactions=None, restriction_reason=[], ttl_period=None)
Csk choose kiya tha😢

----------------------------------------------

Message(id=3432194, peer_id=PeerChannel(channel_id=1411626356), date=datetime.datetime(2023, 4, 12, 
17, 53, 6, tzinfo=datetime.timezone.utc), message='No ball', out=False, mentioned=False, media_unread=False, silent=False, post=False, from_scheduled=False, legacy=False, edit_hide=False, pinned=False, noforwards=False, from_id=PeerUser(user_id=2132669386), fwd_from=None, via_bot_id=None, reply_to=MessageReplyHeader(reply_to_msg_id=3432192, reply_to_scheduled=False, forum_topic=False, reply_to_peer_id=None, reply_to_top_id=None), media=None, reply_markup=None, entities=[], views=None, forwards=None, replies=None, edit_date=None, post_author=None, grouped_id=None, reactions=None, restriction_reason=[], ttl_period=None)
No ball

----------------------------------------------

Message(id=3432193, peer_id=PeerChannel(channel_id=1411626356), date=datetime.datetime(2023, 4, 12, 
17, 53, 5, tzinfo=datetime.timezone.utc), message='Sabki le rakhi hai RR ne', out=False, mentioned=False, media_unread=False, silent=False, post=False, from_scheduled=False, legacy=False, edit_hide=False, pinned=False, noforwards=False, from_id=PeerUser(user_id=824853197), fwd_from=None, via_bot_id=None, reply_to=None, media=None, reply_markup=None, entities=[], views=None, forwards=None, replies=MessageReplies(replies=0, replies_pts=6491938, comments=False, recent_repliers=[], channel_id=None, 
max_id=None, read_max_id=None), edit_date=None, post_author=None, grouped_id=None, reactions=None, restriction_reason=[], ttl_period=None)
Sabki le rakhi hai RR ne

----------------------------------------------

Message(id=3432192, peer_id=PeerChannel(channel_id=1411626356), date=datetime.datetime(2023, 4, 12, 
17, 52, 58, tzinfo=datetime.timezone.utc), message='No ball lao re koi😕', out=False, mentioned=False, media_unread=False, silent=False, post=False, from_scheduled=False, legacy=False, edit_hide=False, pinned=False, noforwards=False, from_id=PeerUser(user_id=1286565287), fwd_from=None, via_bot_id=None, reply_to=None, media=None, reply_markup=None, entities=[], views=None, forwards=None, replies=MessageReplies(replies=1, replies_pts=6491939, comments=False, recent_repliers=[], channel_id=None, max_id=3432194, read_max_id=None), edit_date=None, post_author=None, grouped_id=None, reactions=None, 
restriction_reason=[], ttl_period=None)
No ball lao re koi😕

----------------------------------------------

Message(id=3432191, peer_id=PeerChannel(channel_id=1411626356), date=datetime.datetime(2023, 4, 12, 
17, 52, 55, tzinfo=datetime.timezone.utc), message='', out=False, mentioned=False, media_unread=False, silent=False, post=False, from_scheduled=False, legacy=False, edit_hide=False, pinned=False, noforwards=False, from_id=PeerUser(user_id=887704295), fwd_from=None, via_bot_id=None, reply_to=MessageReplyHeader(reply_to_msg_id=3432186, reply_to_scheduled=False, forum_topic=False, reply_to_peer_id=None, reply_to_top_id=None), media=MessageMediaDocument(nopremium=False, spoiler=False, document=Document(id=5427261520088141006, access_hash=-8845760155145320258, file_reference=b'\x02T#\xb5t\x004^\xffd6\xf0&\x10\xf8\xd5\x12\x94\xc0\x17\xbf\xdf\xb0?\xbet\x9d\x0b\x05', date=datetime.datetime(2021, 4, 
4, 20, 47, 34, tzinfo=datetime.timezone.utc), mime_type='application/x-tgsticker', size=16660, dc_id=2, attributes=[DocumentAttributeImageSize(w=512, h=512), DocumentAttributeSticker(alt='🤨', stickerset=InputStickerSetID(id=785832625502683169, access_hash=3381632564867728620), mask=False, mask_coords=None), DocumentAttributeFilename(file_name='AnimatedSticker.tgs')], thumbs=[PhotoPathSize(type='j', bytes=b'\x17\x00\xb3\x00\xdc_B~EI\x02LC\x81\x88U\x85VcIG\x00QJ\x03cSK\xb2I\x08\xbfJ\x08\x87E\xa7T\xa1YRPQh^yABL\x80PEY_DI\x04\x89L\x05\x81BCBECECKHNMU]EF\x07\x99H\x02\xa4Q\xab\x88\x86\x07\x95\x83\x81\xa5N\xb2P\x8fA\xbc\x86\x86\x06\x85\x84\x80\x84G\x87I\x90O\xa7W\xbcO\xbe\x97\x8f\x87\x03\x91\x88\x00\x82\x8c\x98\xa5\x9d\xb4\x88\x95\x92\xb7\x8a\x87\x07B\x85J\x86K\x89E\x8e\x89\x97\x84\xa4B\x85I\x87J\x8aA\x82\x82\x85\x81\x88\x81\x83F\x86D\x89\x83\x82\x88B\x8b\x80\x8a\x83\x92\x8d\x9b\x8f\x90\x84\x9eB\xa6\x91\x89\x98\x80\xb4T\x86\x05\x81\x81\x8d\x98\x8d\x9b\x82\x86]\x98a\x9aj\x9aI\x02\xa5N\x00\xaaL\x81_Bh\x82N\x86G\x9aQ\x9a'), PhotoSize(type='m', w=128, h=128, size=6402)], video_thumbs=[]), ttl_seconds=None), reply_markup=None, entities=[], views=None, forwards=None, replies=None, edit_date=None, post_author=None, grouped_id=None, reactions=None, restriction_reason=[], ttl_period=None)      

Message(id=3432190, peer_id=PeerChannel(channel_id=1411626356), date=datetime.datetime(2023, 4, 12, 
17, 52, 53, tzinfo=datetime.timezone.utc), message='Loss by 4run😒', out=False, mentioned=False, media_unread=False, silent=False, post=False, from_scheduled=False, legacy=False, edit_hide=False, pinned=False, noforwards=False, from_id=PeerUser(user_id=5106240967), fwd_from=None, via_bot_id=None, reply_to=MessageReplyHeader(reply_to_msg_id=3432143, reply_to_scheduled=False, forum_topic=False, reply_to_peer_id=None, reply_to_top_id=None), media=None, reply_markup=None, entities=[MessageEntityBold(offset=0, length=12)], views=None, forwards=None, replies=None, edit_date=None, post_author=None, grouped_id=None, reactions=None, restriction_reason=[], ttl_period=None)
Loss by 4run😒

----------------------------------------------

Message(id=3432189, peer_id=PeerChannel(channel_id=1411626356), date=datetime.datetime(2023, 4, 12, 
17, 52, 49, tzinfo=datetime.timezone.utc), message='RR won 😳😂', out=False, mentioned=False, media_unread=False, silent=False, post=False, from_scheduled=False, legacy=False, edit_hide=False, pinned=False, noforwards=False, from_id=PeerUser(user_id=1245041419), fwd_from=None, via_bot_id=None, reply_to=None, media=None, reply_markup=None, entities=[], views=None, forwards=None, replies=MessageReplies(replies=0, replies_pts=6491933, comments=False, recent_repliers=[], channel_id=None, max_id=None, read_max_id=None), edit_date=None, post_author=None, grouped_id=None, reactions=None, restriction_reason=[], ttl_period=None)
RR won 😳😂

----------------------------------------------

Message(id=3432188, peer_id=PeerChannel(channel_id=1411626356), date=datetime.datetime(2023, 4, 12, 
17, 52, 49, tzinfo=datetime.timezone.utc), message='🥳🥳🥳', out=False, mentioned=False, media_unrea   
d=False, silent=False, post=False, from_scheduled=False, legacy=False, edit_hide=False, pinned=False, noforwards=False, from_id=PeerUser(user_id=824853197), fwd_from=None, via_bot_id=None, reply_to=None, media=None, reply_markup=None, entities=[], views=None, forwards=None, replies=MessageReplies(replies=0, replies_pts=6491932, comments=False, recent_repliers=[], channel_id=None, max_id=None, read_max_id=None), edit_date=None, post_author=None, grouped_id=None, reactions=None, restriction_reason=[], ttl_period=None)
🥳🥳🥳

----------------------------------------------

Message(id=3432187, peer_id=PeerChannel(channel_id=1411626356), date=datetime.datetime(2023, 4, 12, 
17, 52, 47, tzinfo=datetime.timezone.utc), message='RR', out=False, mentioned=False, media_unread=False, silent=False, post=False, from_scheduled=False, legacy=False, edit_hide=False, pinned=False, noforwards=False, from_id=PeerUser(user_id=824853197), fwd_from=None, via_bot_id=None, reply_to=None, 
media=None, reply_markup=None, entities=[], views=None, forwards=None, replies=MessageReplies(replies=0, replies_pts=6491942, comments=False, recent_repliers=[], channel_id=None, max_id=None, read_max_id=None), edit_date=None, post_author=None, grouped_id=None, reactions=None, restriction_reason=[], ttl_period=None)
RR

----------------------------------------------

Message(id=3432186, peer_id=PeerChannel(channel_id=1411626356), date=datetime.datetime(2023, 4, 12, 
17, 52, 46, tzinfo=datetime.timezone.utc), message='2 six chaiye😢', out=False, mentioned=False, media_unread=False, silent=False, post=False, from_scheduled=False, legacy=False, edit_hide=False, pinned=False, noforwards=False, from_id=PeerUser(user_id=2118951311), fwd_from=None, via_bot_id=None, reply_to=None, media=None, reply_markup=None, entities=[], views=None, forwards=None, replies=MessageReplies(replies=1, replies_pts=6491936, comments=False, recent_repliers=[], channel_id=None, max_id=3432191, read_max_id=None), edit_date=None, post_author=None, grouped_id=None, reactions=None, restriction_reason=[], ttl_period=None)
2 six chaiye😢

----------------------------------------------

Message(id=3432185, peer_id=PeerChannel(channel_id=1411626356), date=datetime.datetime(2023, 4, 12, 
17, 52, 46, tzinfo=datetime.timezone.utc), message='Gazab yr sandeep shrma', out=False, mentioned=False, media_unread=False, silent=False, post=False, from_scheduled=False, legacy=False, edit_hide=False, pinned=False, noforwards=False, from_id=PeerUser(user_id=417756456), fwd_from=None, via_bot_id=None, reply_to=None, media=None, reply_markup=None, entities=[], views=None, forwards=None, replies=MessageReplies(replies=0, replies_pts=6491943, comments=False, recent_repliers=[], channel_id=None, max_id=None, read_max_id=None), edit_date=None, post_author=None, grouped_id=None, reactions=None, restriction_reason=[], ttl_period=None)
Gazab yr sandeep shrma

----------------------------------------------

Message(id=3432184, peer_id=PeerChannel(channel_id=1411626356), date=datetime.datetime(2023, 4, 12, 
17, 52, 46, tzinfo=datetime.timezone.utc), message='Match win rr', out=False, mentioned=False, media_unread=False, silent=False, post=False, from_scheduled=False, legacy=False, edit_hide=False, pinned=False, noforwards=False, from_id=PeerUser(user_id=774364651), fwd_from=None, via_bot_id=None, reply_to=None, media=None, reply_markup=None, entities=[], views=None, forwards=None, replies=MessageReplies(replies=0, replies_pts=6491928, comments=False, recent_repliers=[], channel_id=None, max_id=None, read_max_id=None), edit_date=None, post_author=None, grouped_id=None, reactions=None, restriction_reason=[], ttl_period=None)
Match win rr

----------------------------------------------

Message(id=3432182, peer_id=PeerChannel(channel_id=1411626356), date=datetime.datetime(2023, 4, 12, 
17, 52, 39, tzinfo=datetime.timezone.utc), message='4 hoga abhi', out=False, mentioned=False, media_unread=False, silent=False, post=False, from_scheduled=False, legacy=False, edit_hide=False, pinned=False, noforwards=False, from_id=PeerUser(user_id=2132669386), fwd_from=None, via_bot_id=None, reply_to=None, media=None, reply_markup=None, entities=[], views=None, forwards=None, replies=MessageReplies(replies=0, replies_pts=6491942, comments=False, recent_repliers=[], channel_id=None, max_id=None, read_max_id=None), edit_date=None, post_author=None, grouped_id=None, reactions=None, restriction_reason=[], ttl_period=None)
4 hoga abhi

----------------------------------------------

Message(id=3432180, peer_id=PeerChannel(channel_id=1411626356), date=datetime.datetime(2023, 4, 12, 
17, 52, 27, tzinfo=datetime.timezone.utc), message='Roz ka superover lag raha match achha ho raha 🥳 
🥳', out=False, mentioned=False, media_unread=False, silent=False, post=False, from_scheduled=False, 
 legacy=False, edit_hide=False, pinned=False, noforwards=False, from_id=PeerUser(user_id=2132669386), fwd_from=None, via_bot_id=None, reply_to=None, media=None, reply_markup=None, entities=[], views=None, forwards=None, replies=MessageReplies(replies=0, replies_pts=6491942, comments=False, recent_repliers=[], channel_id=None, max_id=None, read_max_id=None), edit_date=None, post_author=None, grouped_id=None, reactions=None, restriction_reason=[], ttl_period=None)
Roz ka superover lag raha match achha ho raha 🥳🥳

----------------------------------------------

Message(id=3432179, peer_id=PeerChannel(channel_id=1411626356), date=datetime.datetime(2023, 4, 12, 
17, 52, 25, tzinfo=datetime.timezone.utc), message='', out=False, mentioned=False, media_unread=False, silent=False, post=False, from_scheduled=False, legacy=False, edit_hide=False, pinned=False, noforwards=False, from_id=PeerUser(user_id=887704295), fwd_from=None, via_bot_id=None, reply_to=None, media=MessageMediaDocument(nopremium=False, spoiler=False, document=Document(id=2357979127593567099, access_hash=-679633792541856037, file_reference=b'\x02T#\xb5t\x004^\xf3d6\xf0&\x12\x8a\\Z\x93\xffze_E[\xf8\x8b\xe2\x88\xc3', date=datetime.datetime(2020, 4, 8, 16, 35, 49, tzinfo=datetime.timezone.utc), mime_type='application/x-tgsticker', size=17044, dc_id=4, attributes=[DocumentAttributeImageSize(w=512, h=512), DocumentAttributeSticker(alt='😂', stickerset=InputStickerSetID(id=2357979127593566302, access_hash=6388839861372423528), mask=False, mask_coords=None), DocumentAttributeFilename(file_name='AnimatedSticker.tgs')], thumbs=[PhotoPathSize(type='j', bytes=b'\x10\x06\xae\x08\xdc_\x80M\x00IN\x06hEJBXBc\x80X\x81m\x8bF\x07\x83H\x8bP\x8dX\x82OIbFs\x84d\x92H\x06\xa8K\x05\x8aM\x98R\xa2^\x93X\xa9t\x87\x02|\x9fH\xb1\x8d\x87\x07\x8e\xab\x82\x87\x00`\x8b\x04A\x89\x86\xb5\xbf\xb7\x87\x06\x82\x8bK\x9aG\xa4\x84\x88\x8f\x8f\x8a\x9aD\x89R\x8aV\x91A\x83\x87\x8c\x88\x8f\x84\x89D\x90B\x98\x82\x88\x8c\x88\x8b\x93\x81\x8d\\\xa3V\xad\x92\x9c\xa6\xaa\xa6\x87\t\x80\x85\x81\x8cC\x91l\xb3U\x00\xb7[\x03\xb7'), PhotoSize(type='m', w=128, h=128, size=5466)], video_thumbs=[]), ttl_seconds=None), reply_markup=None, entities=[], views=None, forwards=None, replies=MessageReplies(replies=0, replies_pts=6491942, comments=False, recent_repliers=[], channel_id=None, max_id=None, read_max_id=None), edit_date=None, post_author=None, grouped_id=None, reactions=None, restriction_reason=[], ttl_period=None)        

Message(id=3432178, peer_id=PeerChannel(channel_id=1411626356), date=datetime.datetime(2023, 4, 12, 
17, 52, 22, tzinfo=datetime.timezone.utc), message='bc', out=False, mentioned=False, media_unread=False, silent=False, post=False, from_scheduled=False, legacy=False, edit_hide=False, pinned=False, noforwards=False, from_id=PeerUser(user_id=887704295), fwd_from=None, via_bot_id=None, reply_to=None, 
media=None, reply_markup=None, entities=[], views=None, forwards=None, replies=MessageReplies(replies=0, replies_pts=6491939, comments=False, recent_repliers=[], channel_id=None, max_id=None, read_max_id=None), edit_date=None, post_author=None, grouped_id=None, reactions=None, restriction_reason=[], ttl_period=None)
bc

----------------------------------------------

Message(id=3432177, peer_id=PeerChannel(channel_id=1411626356), date=datetime.datetime(2023, 4, 12, 
17, 52, 21, tzinfo=datetime.timezone.utc), message='njr', out=False, mentioned=False, media_unread=False, silent=False, post=False, from_scheduled=False, legacy=False, edit_hide=False, pinned=False, noforwards=False, from_id=PeerUser(user_id=887704295), fwd_from=None, via_bot_id=None, reply_to=None, media=None, reply_markup=None, entities=[], views=None, forwards=None, replies=MessageReplies(replies=0, replies_pts=6491942, comments=False, recent_repliers=[], channel_id=None, max_id=None, read_max_id=None), edit_date=None, post_author=None, grouped_id=None, reactions=None, restriction_reason=[], ttl_period=None)
njr

----------------------------------------------

Message(id=3432176, peer_id=PeerChannel(channel_id=1411626356), date=datetime.datetime(2023, 4, 12, 
17, 52, 18, tzinfo=datetime.timezone.utc), message='', out=False, mentioned=False, media_unread=False, silent=False, post=False, from_scheduled=False, legacy=False, edit_hide=False, pinned=False, noforwards=False, from_id=PeerUser(user_id=887704295), fwd_from=None, via_bot_id=None, reply_to=None, media=MessageMediaDocument(nopremium=False, spoiler=False, document=Document(id=5427261520088141006, access_hash=-8845760155145320258, file_reference=b'\x02T#\xb5t\x004^\xf0d6\xf0&{\xda\x08s\x04\xa6\x95\xc9#\x84\x0b\xf5LN\xe2\x94', date=datetime.datetime(2021, 4, 4, 20, 47, 34, tzinfo=datetime.timezone.utc), mime_type='application/x-tgsticker', size=16660, dc_id=2, attributes=[DocumentAttributeImageSize(w=512, h=512), DocumentAttributeSticker(alt='🤨', stickerset=InputStickerSetID(id=785832625502683169, access_hash=3381632564867728620), mask=False, mask_coords=None), DocumentAttributeFilename(file_name='AnimatedSticker.tgs')], thumbs=[PhotoPathSize(type='j', bytes=b'\x17\x00\xb3\x00\xdc_B~EI\x02LC\x81\x88U\x85VcIG\x00QJ\x03cSK\xb2I\x08\xbfJ\x08\x87E\xa7T\xa1YRPQh^yABL\x80PEY_DI\x04\x89L\x05\x81BCBECECKHNMU]EF\x07\x99H\x02\xa4Q\xab\x88\x86\x07\x95\x83\x81\xa5N\xb2P\x8fA\xbc\x86\x86\x06\x85\x84\x80\x84G\x87I\x90O\xa7W\xbcO\xbe\x97\x8f\x87\x03\x91\x88\x00\x82\x8c\x98\xa5\x9d\xb4\x88\x95\x92\xb7\x8a\x87\x07B\x85J\x86K\x89E\x8e\x89\x97\x84\xa4B\x85I\x87J\x8aA\x82\x82\x85\x81\x88\x81\x83F\x86D\x89\x83\x82\x88B\x8b\x80\x8a\x83\x92\x8d\x9b\x8f\x90\x84\x9eB\xa6\x91\x89\x98\x80\xb4T\x86\x05\x81\x81\x8d\x98\x8d\x9b\x82\x86]\x98a\x9aj\x9aI\x02\xa5N\x00\xaaL\x81_Bh\x82N\x86G\x9aQ\x9a'), PhotoSize(type='m', w=128, h=128, size=6402)], video_thumbs=[]), ttl_seconds=None), reply_markup=None, entities=[], views=None, forwards=None, replies=MessageReplies(replies=0, replies_pts=6491939, comments=False, recent_repliers=[], channel_id=None, max_id=None, read_max_id=None), edit_date=None, post_author=None, grouped_id=None, reactions=None, restriction_reason=[], ttl_period=None)

Message(id=313486, peer_id=PeerChannel(channel_id=1631653336), date=datetime.datetime(2023, 4, 12, 17, 53, 27, tzinfo=datetime.timezone.utc), message='', out=False, mentioned=False, media_unread=False, silent=False, post=False, from_scheduled=False, legacy=False, edit_hide=False, pinned=False, noforwards=False, from_id=PeerUser(user_id=1167101864), fwd_from=None, via_bot_id=None, reply_to=None, media=MessageMediaDocument(nopremium=False, spoiler=False, document=Document(id=1269403972611866925, access_hash=-3331363896542591472, file_reference=b'\x02aA\r\xd8\x00\x04\xc8\x8ed6\xf0(\x0fe\xc0\x14\xbb\xbb\xd1\x0b\x1c\x87"Y\x85)\xf1{', date=datetime.datetime(2020, 4, 20, 9, 31, 49, tzinfo=datetime.timezone.utc), mime_type='application/x-tgsticker', size=13241, dc_id=2, attributes=[DocumentAttributeImageSize(w=512, h=512), DocumentAttributeSticker(alt='💃', stickerset=InputStickerSetID(id=1269403972611866632, access_hash=5396503999219179119), mask=False, mask_coords=None), DocumentAttributeFilename(file_name='AnimatedSticker.tgs')], thumbs=[PhotoPathSize(type='j', bytes=b'\x1c\x00\xb3\x00\xdc^\x81K\x07NM\x02lBC\x84I\x81KCCU\x80Z\x80QCeLsXUS\\_Pv\x82D\x80I\x82L\x82D\x8cE\x8aIDLNSNaBo\x86\x06G\t\x8a\x03I\x04\x89C\x97D\x9eI\x83ADDDG\x80H\x8cJ\x93L\x86B\x8b\x85\x89\x8b\x81\x82I\x86H\x86\x9bG\x87\x00M\x89\x08C\x9d\x8a\x89\x04\xb1\x8b\x04\x87\x03\x88\x8b\x87\x98\x8e\xa2\x82\x83\x8e\x85\x92\x88\x94\x8e\xac\xb3\xad\x87\x07\x82\x9dk\xa0\x7f\x9eLBRMVWAE\x81NEMI\x82S\x8d\\\x91D\x81I\x80L\x82D\x85\x85\xa0\x84\xa7F\xa7x\xb3H\x06\xb3'), PhotoSize(type='m', w=128, h=128, size=5724)], video_thumbs=[]), ttl_seconds=None), reply_markup=None, entities=[], views=None, forwards=None, replies=MessageReplies(replies=0, replies_pts=481800, comments=False, recent_repliers=[], channel_id=None, max_id=None, read_max_id=None), edit_date=None, post_author=None, grouped_id=None, reactions=None, restriction_reason=[], ttl_period=None)

Message(id=313485, peer_id=PeerChannel(channel_id=1631653336), date=datetime.datetime(2023, 4, 12, 17, 53, 24, tzinfo=datetime.timezone.utc), message='Gya csk', out=False, mentioned=False, media_unread=False, silent=False, post=False, from_scheduled=False, legacy=False, edit_hide=False, pinned=False, noforwards=False, from_id=PeerUser(user_id=1167101864), fwd_from=None, via_bot_id=None, reply_to=None, media=None, reply_markup=None, entities=[], views=None, forwards=None, replies=MessageReplies(replies=0, replies_pts=481799, comments=False, recent_repliers=[], channel_id=None, max_id=None, read_max_id=None), edit_date=None, post_author=None, grouped_id=None, reactions=None, restriction_reason=[], ttl_period=None)
Gya csk

----------------------------------------------

MessageService(id=7756, peer_id=PeerChannel(channel_id=1238428961), date=datetime.datetime(2023, 4, 
12, 17, 42, 58, tzinfo=datetime.timezone.utc), action=MessageActionPinMessage(), out=False, mentioned=False, media_unread=False, silent=False, post=True, legacy=False, from_id=None, reply_to=MessageReplyHeader(reply_to_msg_id=7677, reply_to_scheduled=False, forum_topic=False, reply_to_peer_id=None, 
reply_to_top_id=None), ttl_period=None)
Message(id=3432199, peer_id=PeerChannel(channel_id=1411626356), date=datetime.datetime(2023, 4, 12, 
17, 53, 47, tzinfo=datetime.timezone.utc), message='Jeeet gya 77', out=False, mentioned=False, media_unread=False, silent=False, post=False, from_scheduled=False, legacy=False, edit_hide=False, pinned=False, noforwards=False, from_id=PeerUser(user_id=1059875213), fwd_from=None, via_bot_id=None, reply_to=None, media=None, reply_markup=None, entities=[], views=None, forwards=None, replies=MessageReplies(replies=0, replies_pts=6491944, comments=False, recent_repliers=[], channel_id=None, max_id=None, read_max_id=None), edit_date=None, post_author=None, grouped_id=None, reactions=None, restriction_reason=[], ttl_period=None)
Jeeet gya 77

----------------------------------------------

MessageService(id=7756, peer_id=PeerChannel(channel_id=1238428961), date=datetime.datetime(2023, 4, 
12, 17, 42, 58, tzinfo=datetime.timezone.utc), action=MessageActionPinMessage(), out=False, mentioned=False, media_unread=False, silent=False, post=True, legacy=False, from_id=None, reply_to=MessageReplyHeader(reply_to_msg_id=7677, reply_to_scheduled=False, forum_topic=False, reply_to_peer_id=None, 
reply_to_top_id=None), ttl_period=None)
Message(id=3432201, peer_id=PeerChannel(channel_id=1411626356), date=datetime.datetime(2023, 4, 12, 
17, 53, 54, tzinfo=datetime.timezone.utc), message='https://bit.ly/3NITxVX \n\nAge : 25 – 45.\n\nIncome : 5 Lacs and above\n\n750+ CIBIL Score', out=False, mentioned=False, media_unread=False, silent=False, post=False, from_scheduled=False, legacy=False, edit_hide=False, pinned=False, noforwards=False, from_id=PeerUser(user_id=609517172), fwd_from=None, via_bot_id=None, reply_to=MessageReplyHeader(reply_to_msg_id=3432200, reply_to_scheduled=False, forum_topic=False, reply_to_peer_id=None, reply_to_top_id=3432193), media=None, reply_markup=None, entities=[MessageEntityUrl(offset=0, length=22)], views=None, forwards=None, replies=None, edit_date=None, post_author=None, grouped_id=None, reactions=None, restriction_reason=[], ttl_period=None)
https://bit.ly/3NITxVX 

Age : 25 – 45.

Income : 5 Lacs and above

750+ CIBIL Score

----------------------------------------------

Message(id=3432200, peer_id=PeerChannel(channel_id=1411626356), date=datetime.datetime(2023, 4, 12, 
17, 53, 53, tzinfo=datetime.timezone.utc), message='First time zpl jeeta  kal se khelna suru kiya 😎
107 credit', out=False, mentioned=False, media_unread=False, silent=False, post=False, from_scheduled=False, legacy=False, edit_hide=False, pinned=False, noforwards=False, from_id=PeerUser(user_id=2132669386), fwd_from=None, via_bot_id=None, reply_to=MessageReplyHeader(reply_to_msg_id=3432193, reply_to_scheduled=False, forum_topic=False, reply_to_peer_id=None, reply_to_top_id=None), media=None, reply_markup=None, entities=[], views=None, forwards=None, replies=None, edit_date=None, post_author=None, grouped_id=None, reactions=None, restriction_reason=[], ttl_period=None)
First time zpl jeeta  kal se khelna suru kiya 😎107 credit
----------------------------------------------

MessageService(id=7756, peer_id=PeerChannel(channel_id=1238428961), date=datetime.datetime(2023, 4, 
12, 17, 42, 58, tzinfo=datetime.timezone.utc), action=MessageActionPinMessage(), out=False, mentioned=False, media_unread=False, silent=False, post=True, legacy=False, from_id=None, reply_to=MessageReplyHeader(reply_to_msg_id=7677, reply_to_scheduled=False, forum_topic=False, reply_to_peer_id=None, 
reply_to_top_id=None), ttl_period=None)
MessageService(id=7756, peer_id=PeerChannel(channel_id=1238428961), date=datetime.datetime(2023, 4, 
12, 17, 42, 58, tzinfo=datetime.timezone.utc), action=MessageActionPinMessage(), out=False, mentioned=False, media_unread=False, silent=False, post=True, legacy=False, from_id=None, reply_to=MessageReplyHeader(reply_to_msg_id=7677, reply_to_scheduled=False, forum_topic=False, reply_to_peer_id=None, 
reply_to_top_id=None), ttl_period=None)
Traceback (most recent call last):
  File "d:\My Work\Boat scrapper\test.py", line 53, in <module>
    time.sleep(5)
KeyboardInterrupt
PS D:\My Work> & C:/Users/ritik/AppData/Local/Programs/Python/Python311/python.exe "d:/My Work/Boat 
scrapper/test.py"
Message(id=3432207, peer_id=PeerChannel(channel_id=1411626356), date=datetime.datetime(2023, 4, 12, 
17, 54, 44, tzinfo=datetime.timezone.utc), message='Puchan chaiye tha na merse😏😏\n\nWon 73 for the first time😝', out=False, mentioned=False, media_unread=False, silent=False, post=False, from_scheduled=False, legacy=False, edit_hide=False, pinned=False, noforwards=False, from_id=PeerUser(user_id=819192225), fwd_from=None, via_bot_id=None, reply_to=MessageReplyHeader(reply_to_msg_id=3432203, reply_to_scheduled=False, forum_topic=False, reply_to_peer_id=None, reply_to_top_id=None), media=None, 
reply_markup=None, entities=[], views=None, forwards=None, replies=None, edit_date=None, post_author=None, grouped_id=None, reactions=None, restriction_reason=[], ttl_period=None)
Puchan chaiye tha na merse😏😏

Won 73 for the first time😝

----------------------------------------------

Message(id=3432206, peer_id=PeerChannel(channel_id=1411626356), date=datetime.datetime(2023, 4, 12, 
17, 54, 37, tzinfo=datetime.timezone.utc), message='Kese', out=False, mentioned=False, media_unread=False, silent=False, post=False, from_scheduled=False, legacy=False, edit_hide=False, pinned=False, 
noforwards=False, from_id=PeerUser(user_id=5078886116), fwd_from=None, via_bot_id=None, reply_to=MessageReplyHeader(reply_to_msg_id=3432205, reply_to_scheduled=False, forum_topic=False, reply_to_peer_id=None, reply_to_top_id=None), media=None, reply_markup=None, entities=[], views=None, forwards=None, replies=None, edit_date=None, post_author=None, grouped_id=None, reactions=None, restriction_reason=[], ttl_period=None)
Kese

----------------------------------------------

Message(id=3432205, peer_id=PeerChannel(channel_id=1411626356), date=datetime.datetime(2023, 4, 12, 
17, 54, 19, tzinfo=datetime.timezone.utc), message='Sunday ka intezam to ho gya', out=False, mentioned=False, media_unread=False, silent=False, post=False, from_scheduled=False, legacy=False, edit_hide=False, pinned=False, noforwards=False, from_id=PeerUser(user_id=1059875213), fwd_from=None, via_bot_id=None, reply_to=None, media=None, reply_markup=None, entities=[], views=None, forwards=None, replies=MessageReplies(replies=1, replies_pts=6491951, comments=False, recent_repliers=[], channel_id=None, max_id=3432206, read_max_id=None), edit_date=None, post_author=None, grouped_id=None, reactions=None, restriction_reason=[], ttl_period=None)
Sunday ka intezam to ho gya

----------------------------------------------

Message(id=3432204, peer_id=PeerChannel(channel_id=1411626356), date=datetime.datetime(2023, 4, 12, 
17, 54, 17, tzinfo=datetime.timezone.utc), message='Sahi hai', out=False, mentioned=False, media_unread=False, silent=False, post=False, from_scheduled=False, legacy=False, edit_hide=False, pinned=False, noforwards=False, from_id=PeerUser(user_id=935785362), fwd_from=None, via_bot_id=None, reply_to=MessageReplyHeader(reply_to_msg_id=3432202, reply_to_scheduled=False, forum_topic=False, reply_to_peer_id=None, reply_to_top_id=3432193), media=None, reply_markup=None, entities=[], views=None, forwards=None, replies=None, edit_date=None, post_author=None, grouped_id=None, reactions=None, restriction_reason=[], ttl_period=None)
Sahi hai

----------------------------------------------

Message(id=3432203, peer_id=PeerChannel(channel_id=1411626356), date=datetime.datetime(2023, 4, 12, 
17, 54, 12, tzinfo=datetime.timezone.utc), message='Csk lgaya tha zpl me😒', out=False, mentioned=False, media_unread=False, silent=False, post=False, from_scheduled=False, legacy=False, edit_hide=False, pinned=False, noforwards=False, from_id=PeerUser(user_id=417756456), fwd_from=None, via_bot_id=None, reply_to=None, media=None, reply_markup=None, entities=[], views=None, forwards=None, replies=MessageReplies(replies=1, replies_pts=6491952, comments=False, recent_repliers=[], channel_id=None, max_id=3432207, read_max_id=None), edit_date=None, post_author=None, grouped_id=None, reactions=None, restriction_reason=[], ttl_period=None)
Csk lgaya tha zpl me😒

----------------------------------------------

Message(id=3432202, peer_id=PeerChannel(channel_id=1411626356), date=datetime.datetime(2023, 4, 12, 
17, 54, 9, tzinfo=datetime.timezone.utc), message='Mere to 170 ho gye ab', out=False, mentioned=False, media_unread=False, silent=False, post=False, from_scheduled=False, legacy=False, edit_hide=False, pinned=False, noforwards=False, from_id=PeerUser(user_id=1059875213), fwd_from=None, via_bot_id=None, reply_to=MessageReplyHeader(reply_to_msg_id=3432200, reply_to_scheduled=False, forum_topic=False, reply_to_peer_id=None, reply_to_top_id=3432193), media=None, reply_markup=None, entities=[], views=None, forwards=None, replies=None, edit_date=None, post_author=None, grouped_id=None, reactions=None, restriction_reason=[], ttl_period=None)
Mere to 170 ho gye ab

----------------------------------------------

Message(id=1781145, peer_id=PeerChannel(channel_id=1280564875), date=datetime.datetime(2023, 4, 12, 
17, 54, 38, tzinfo=datetime.timezone.utc), message='79% Off: Lifelong Gas Stove Combo - 2 Burner Gas Cooktop + Flat tawa + Fry Pan Glass Top Glass Manual Gas Stove @2099 \n\nhttp://fkrt.it/P74VUGuuuN', out=False, mentioned=False, media_unread=False, silent=False, post=False, from_scheduled=False, legacy=False, edit_hide=False, pinned=True, noforwards=False, from_id=PeerChannel(channel_id=1388213936), fwd_from=MessageFwdHeader(date=datetime.datetime(2023, 4, 12, 17, 54, 34, tzinfo=datetime.timezone.utc), imported=False, from_id=PeerChannel(channel_id=1388213936), from_name=None, channel_post=580367, post_author='Ayush', saved_from_peer=PeerChannel(channel_id=1388213936), saved_from_msg_id=580367, psa_type=None), via_bot_id=None, reply_to=None, media=None, reply_markup=None, entities=[MessageEntityMention(offset=112, length=5), MessageEntityUrl(offset=120, length=25)], views=1, forwards=0, replies=MessageReplies(replies=0, replies_pts=4564906, comments=False, recent_repliers=[], channel_id=None, max_id=None, read_max_id=None), edit_date=None, post_author=None, grouped_id=None, reactions=None, restriction_reason=[], ttl_period=None)
79% Off: Lifelong Gas Stove Combo - 2 Burner Gas Cooktop + Flat tawa + Fry Pan Glass Top Glass Manual Gas Stove @2099

http://fkrt.it/P74VUGuuuN

----------------------------------------------

Message(id=580367, peer_id=PeerChannel(channel_id=1388213936), date=datetime.datetime(2023, 4, 12, 17, 54, 34, tzinfo=datetime.timezone.utc), message='79% Off: Lifelong Gas Stove Combo - 2 Burner Gas 
Cooktop + Flat tawa + Fry Pan Glass Top Glass Manual Gas Stove @2099 \n\nhttp://fkrt.it/P74VUGuuuN', out=False, mentioned=False, media_unread=False, silent=True, post=True, from_scheduled=False, legacy=False, edit_hide=True, pinned=False, noforwards=False, from_id=None, fwd_from=None, via_bot_id=None, reply_to=None, media=None, reply_markup=None, entities=[MessageEntityMention(offset=112, length=5), MessageEntityUrl(offset=120, length=25)], views=1, forwards=0, replies=MessageReplies(replies=0, 
replies_pts=4564907, comments=True, recent_repliers=[], channel_id=1280564875, max_id=None, read_max_id=None), edit_date=datetime.datetime(2023, 4, 12, 17, 54, 38, tzinfo=datetime.timezone.utc), post_author='Ayush', grouped_id=None, reactions=None, restriction_reason=[], ttl_period=2678400)
79% Off: Lifelong Gas Stove Combo - 2 Burner Gas Cooktop + Flat tawa + Fry Pan Glass Top Glass Manual Gas Stove @2099

http://fkrt.it/P74VUGuuuN

----------------------------------------------

MessageService(id=7756, peer_id=PeerChannel(channel_id=1238428961), date=datetime.datetime(2023, 4, 
12, 17, 42, 58, tzinfo=datetime.timezone.utc), action=MessageActionPinMessage(), out=False, mentioned=False, media_unread=False, silent=False, post=True, legacy=False, from_id=None, reply_to=MessageReplyHeader(reply_to_msg_id=7677, reply_to_scheduled=False, forum_topic=False, reply_to_peer_id=None, 
reply_to_top_id=None), ttl_period=None)
Message(id=3432208, peer_id=PeerChannel(channel_id=1411626356), date=datetime.datetime(2023, 4, 12, 
17, 54, 59, tzinfo=datetime.timezone.utc), message='Kl ka btao', out=False, mentioned=False, media_unread=False, silent=False, post=False, from_scheduled=False, legacy=False, edit_hide=False, pinned=False, noforwards=False, from_id=PeerUser(user_id=417756456), fwd_from=None, via_bot_id=None, reply_to=MessageReplyHeader(reply_to_msg_id=3432207, reply_to_scheduled=False, forum_topic=False, reply_to_peer_id=None, reply_to_top_id=3432203), media=None, reply_markup=None, entities=[], views=None, forwards=None, replies=None, edit_date=None, post_author=None, grouped_id=None, reactions=None, restriction_reason=[], ttl_period=None)
Kl ka btao

----------------------------------------------

Message(id=580368, peer_id=PeerChannel(channel_id=1388213936), date=datetime.datetime(2023, 4, 12, 17, 54, 58, tzinfo=datetime.timezone.utc), message='50% off : Palmolive Hydrating Face Masque Paste, 
100ml, Pack of 1 @299\n\nhttps://amzn.to/3zjVvHP', out=False, mentioned=False, media_unread=False, silent=False, post=True, from_scheduled=False, legacy=False, edit_hide=False, pinned=False, noforwards=False, from_id=None, fwd_from=None, via_bot_id=None, reply_to=None, media=None, reply_markup=None, entities=[MessageEntityUrl(offset=72, length=23)], views=1, forwards=0, replies=MessageReplies(replies=0, replies_pts=0, comments=True, recent_repliers=[], channel_id=1280564875, max_id=None, read_max_id=None), edit_date=None, post_author='A.D.M.I.N', grouped_id=None, reactions=None, restriction_reason=[], ttl_period=2678400)

https://amzn.to/3zjVvHP

----------------------------------------------

MessageService(id=7756, peer_id=PeerChannel(channel_id=1238428961), date=datetime.datetime(2023, 4, 
12, 17, 42, 58, tzinfo=datetime.timezone.utc), action=MessageActionPinMessage(), out=False, mentioned=False, media_unread=False, silent=False, post=True, legacy=False, from_id=None, reply_to=MessageReplyHeader(reply_to_msg_id=7677, reply_to_scheduled=False, forum_topic=False, reply_to_peer_id=None, 
reply_to_top_id=None), ttl_period=None)